[1.806s] Invoking command in '/workspace/src/gps': PYTHONPATH=/workspace/build/gps/prefix_override:/usr/lib/python3/dist-packages/colcon_core/task/python/colcon_distutils_commands:/workspace/install/gps/lib/python3.10/site-packages:${PYTHONPATH} /usr/bin/python3 -W ignore:setup.py install is deprecated -W ignore:easy_install command is deprecated setup.py egg_info --egg-base ../../build/gps build --build-base /workspace/build/gps/build install --record /workspace/build/gps/install.log --single-version-externally-managed install_data
[2.123s] running egg_info
[2.124s] writing ../../build/gps/gps.egg-info/PKG-INFO
[2.125s] writing dependency_links to ../../build/gps/gps.egg-info/dependency_links.txt
[2.125s] writing entry points to ../../build/gps/gps.egg-info/entry_points.txt
[2.125s] writing requirements to ../../build/gps/gps.egg-info/requires.txt
[2.125s] writing top-level names to ../../build/gps/gps.egg-info/top_level.txt
[2.128s] reading manifest file '../../build/gps/gps.egg-info/SOURCES.txt'
[2.129s] writing manifest file '../../build/gps/gps.egg-info/SOURCES.txt'
[2.130s] running build
[2.130s] running build_py
[2.130s] copying gps/gps_info.py -> /workspace/build/gps/build/lib/gps
[2.131s] running install
[2.132s] running install_lib
[2.134s] copying /workspace/build/gps/build/lib/gps/gps_info.py -> /workspace/install/gps/lib/python3.10/site-packages/gps
[2.135s] byte-compiling /workspace/install/gps/lib/python3.10/site-packages/gps/gps_info.py to gps_info.cpython-310.pyc
[2.136s] running install_data
[2.136s] running install_egg_info
[2.141s] removing '/workspace/install/gps/lib/python3.10/site-packages/gps-0.0.0-py3.10.egg-info' (and everything under it)
[2.141s] Copying ../../build/gps/gps.egg-info to /workspace/install/gps/lib/python3.10/site-packages/gps-0.0.0-py3.10.egg-info
[2.141s] running install_scripts
[2.177s] Installing gps script to /workspace/install/gps/lib/gps
[2.177s] Installing simulator script to /workspace/install/gps/lib/gps
[2.177s] writing list of installed files to '/workspace/build/gps/install.log'
[2.260s] Invoked command in '/workspace/src/gps' returned '0': PYTHONPATH=/workspace/build/gps/prefix_override:/usr/lib/python3/dist-packages/colcon_core/task/python/colcon_distutils_commands:/workspace/install/gps/lib/python3.10/site-packages:${PYTHONPATH} /usr/bin/python3 -W ignore:setup.py install is deprecated -W ignore:easy_install command is deprecated setup.py egg_info --egg-base ../../build/gps build --build-base /workspace/build/gps/build install --record /workspace/build/gps/install.log --single-version-externally-managed install_data
