[1.714s] Invoking command in '/workspace/src/gps': PYTHONPATH=/workspace/build/gps/prefix_override:/usr/lib/python3/dist-packages/colcon_core/task/python/colcon_distutils_commands:/workspace/install/gps/lib/python3.10/site-packages:${PYTHONPATH} /usr/bin/python3 -W ignore:setup.py install is deprecated -W ignore:easy_install command is deprecated setup.py egg_info --egg-base ../../build/gps build --build-base /workspace/build/gps/build install --record /workspace/build/gps/install.log --single-version-externally-managed install_data
[2.021s] running egg_info
[2.022s] writing ../../build/gps/gps.egg-info/PKG-INFO
[2.022s] writing dependency_links to ../../build/gps/gps.egg-info/dependency_links.txt
[2.023s] writing entry points to ../../build/gps/gps.egg-info/entry_points.txt
[2.023s] writing requirements to ../../build/gps/gps.egg-info/requires.txt
[2.023s] writing top-level names to ../../build/gps/gps.egg-info/top_level.txt
[2.025s] reading manifest file '../../build/gps/gps.egg-info/SOURCES.txt'
[2.027s] writing manifest file '../../build/gps/gps.egg-info/SOURCES.txt'
[2.027s] running build
[2.027s] running build_py
[2.027s] running install
[2.028s] running install_lib
[2.029s] running install_data
[2.029s] running install_egg_info
[2.032s] removing '/workspace/install/gps/lib/python3.10/site-packages/gps-0.0.0-py3.10.egg-info' (and everything under it)
[2.032s] Copying ../../build/gps/gps.egg-info to /workspace/install/gps/lib/python3.10/site-packages/gps-0.0.0-py3.10.egg-info
[2.033s] running install_scripts
[2.064s] Installing gps script to /workspace/install/gps/lib/gps
[2.064s] Installing simulator script to /workspace/install/gps/lib/gps
[2.065s] writing list of installed files to '/workspace/build/gps/install.log'
[2.143s] Invoked command in '/workspace/src/gps' returned '0': PYTHONPATH=/workspace/build/gps/prefix_override:/usr/lib/python3/dist-packages/colcon_core/task/python/colcon_distutils_commands:/workspace/install/gps/lib/python3.10/site-packages:${PYTHONPATH} /usr/bin/python3 -W ignore:setup.py install is deprecated -W ignore:easy_install command is deprecated setup.py egg_info --egg-base ../../build/gps build --build-base /workspace/build/gps/build install --record /workspace/build/gps/install.log --single-version-externally-managed install_data
