[1.698s] Invoking command in '/workspace/src/camera': PYTHONPATH=/workspace/build/camera/prefix_override:/usr/lib/python3/dist-packages/colcon_core/task/python/colcon_distutils_commands:/workspace/install/camera/lib/python3.10/site-packages:${PYTHONPATH} /usr/bin/python3 -W ignore:setup.py install is deprecated -W ignore:easy_install command is deprecated setup.py egg_info --egg-base ../../build/camera build --build-base /workspace/build/camera/build install --record /workspace/build/camera/install.log --single-version-externally-managed install_data
[1.988s] running egg_info
[1.989s] writing ../../build/camera/camera.egg-info/PKG-INFO
[1.990s] writing dependency_links to ../../build/camera/camera.egg-info/dependency_links.txt
[1.990s] writing entry points to ../../build/camera/camera.egg-info/entry_points.txt
[1.990s] writing requirements to ../../build/camera/camera.egg-info/requires.txt
[1.990s] writing top-level names to ../../build/camera/camera.egg-info/top_level.txt
[1.992s] reading manifest file '../../build/camera/camera.egg-info/SOURCES.txt'
[1.993s] writing manifest file '../../build/camera/camera.egg-info/SOURCES.txt'
[1.993s] running build
[1.993s] running build_py
[1.993s] running install
[1.993s] running install_lib
[1.995s] running install_data
[1.996s] running install_egg_info
[1.998s] removing '/workspace/install/camera/lib/python3.10/site-packages/camera-0.0.0-py3.10.egg-info' (and everything under it)
[2.000s] Copying ../../build/camera/camera.egg-info to /workspace/install/camera/lib/python3.10/site-packages/camera-0.0.0-py3.10.egg-info
[2.000s] running install_scripts
[2.028s] Installing usb_camera script to /workspace/install/camera/lib/camera
[2.029s] writing list of installed files to '/workspace/build/camera/install.log'
[2.090s] Invoked command in '/workspace/src/camera' returned '0': PYTHONPATH=/workspace/build/camera/prefix_override:/usr/lib/python3/dist-packages/colcon_core/task/python/colcon_distutils_commands:/workspace/install/camera/lib/python3.10/site-packages:${PYTHONPATH} /usr/bin/python3 -W ignore:setup.py install is deprecated -W ignore:easy_install command is deprecated setup.py egg_info --egg-base ../../build/camera build --build-base /workspace/build/camera/build install --record /workspace/build/camera/install.log --single-version-externally-managed install_data
