[1.329s] Invoking command in '/workspace/src/camera': PYTHONPATH=/workspace/build/camera/prefix_override:/usr/lib/python3/dist-packages/colcon_core/task/python/colcon_distutils_commands:/workspace/install/camera/lib/python3.10/site-packages:${PYTHONPATH} /usr/bin/python3 -W ignore:setup.py install is deprecated -W ignore:easy_install command is deprecated setup.py egg_info --egg-base ../../build/camera build --build-base /workspace/build/camera/build install --record /workspace/build/camera/install.log --single-version-externally-managed install_data
[1.556s] running egg_info
[1.556s] writing ../../build/camera/camera.egg-info/PKG-INFO
[1.557s] writing dependency_links to ../../build/camera/camera.egg-info/dependency_links.txt
[1.557s] writing entry points to ../../build/camera/camera.egg-info/entry_points.txt
[1.557s] writing requirements to ../../build/camera/camera.egg-info/requires.txt
[1.557s] writing top-level names to ../../build/camera/camera.egg-info/top_level.txt
[1.558s] reading manifest file '../../build/camera/camera.egg-info/SOURCES.txt'
[1.560s] writing manifest file '../../build/camera/camera.egg-info/SOURCES.txt'
[1.560s] running build
[1.560s] running build_py
[1.561s] copying camera/usb_camera.py -> /workspace/build/camera/build/lib/camera
[1.561s] running install
[1.561s] running install_lib
[1.562s] copying /workspace/build/camera/build/lib/camera/usb_camera.py -> /workspace/install/camera/lib/python3.10/site-packages/camera
[1.562s] byte-compiling /workspace/install/camera/lib/python3.10/site-packages/camera/usb_camera.py to usb_camera.cpython-310.pyc
[1.563s] running install_data
[1.563s] running install_egg_info
[1.565s] removing '/workspace/install/camera/lib/python3.10/site-packages/camera-0.0.0-py3.10.egg-info' (and everything under it)
[1.565s] Copying ../../build/camera/camera.egg-info to /workspace/install/camera/lib/python3.10/site-packages/camera-0.0.0-py3.10.egg-info
[1.566s] running install_scripts
[1.591s] Installing usb_camera script to /workspace/install/camera/lib/camera
[1.591s] writing list of installed files to '/workspace/build/camera/install.log'
[1.648s] Invoked command in '/workspace/src/camera' returned '0': PYTHONPATH=/workspace/build/camera/prefix_override:/usr/lib/python3/dist-packages/colcon_core/task/python/colcon_distutils_commands:/workspace/install/camera/lib/python3.10/site-packages:${PYTHONPATH} /usr/bin/python3 -W ignore:setup.py install is deprecated -W ignore:easy_install command is deprecated setup.py egg_info --egg-base ../../build/camera build --build-base /workspace/build/camera/build install --record /workspace/build/camera/install.log --single-version-externally-managed install_data
