[1.156s] Invoking command in '/workspace/src/camera': PYTHONPATH=/workspace/build/camera/prefix_override:/usr/lib/python3/dist-packages/colcon_core/task/python/colcon_distutils_commands:/workspace/install/camera/lib/python3.10/site-packages:${PYTHONPATH} /usr/bin/python3 -W ignore:setup.py install is deprecated -W ignore:easy_install command is deprecated setup.py egg_info --egg-base ../../build/camera build --build-base /workspace/build/camera/build install --record /workspace/build/camera/install.log --single-version-externally-managed install_data
[1.283s] running egg_info
[1.283s] creating ../../build/camera/camera.egg-info
[1.283s] writing ../../build/camera/camera.egg-info/PKG-INFO
[1.283s] writing dependency_links to ../../build/camera/camera.egg-info/dependency_links.txt
[1.284s] writing entry points to ../../build/camera/camera.egg-info/entry_points.txt
[1.284s] writing requirements to ../../build/camera/camera.egg-info/requires.txt
[1.284s] writing top-level names to ../../build/camera/camera.egg-info/top_level.txt
[1.284s] writing manifest file '../../build/camera/camera.egg-info/SOURCES.txt'
[1.286s] reading manifest file '../../build/camera/camera.egg-info/SOURCES.txt'
[1.286s] writing manifest file '../../build/camera/camera.egg-info/SOURCES.txt'
[1.286s] running build
[1.286s] running build_py
[1.286s] creating /workspace/build/camera/build
[1.286s] creating /workspace/build/camera/build/lib
[1.286s] creating /workspace/build/camera/build/lib/camera
[1.287s] copying camera/usb_camera.py -> /workspace/build/camera/build/lib/camera
[1.288s] copying camera/__init__.py -> /workspace/build/camera/build/lib/camera
[1.288s] running install
[1.289s] running install_lib
[1.289s] creating /workspace/install/camera/lib/python3.10/site-packages/camera
[1.289s] copying /workspace/build/camera/build/lib/camera/usb_camera.py -> /workspace/install/camera/lib/python3.10/site-packages/camera
[1.289s] copying /workspace/build/camera/build/lib/camera/__init__.py -> /workspace/install/camera/lib/python3.10/site-packages/camera
[1.289s] byte-compiling /workspace/install/camera/lib/python3.10/site-packages/camera/usb_camera.py to usb_camera.cpython-310.pyc
[1.289s] byte-compiling /workspace/install/camera/lib/python3.10/site-packages/camera/__init__.py to __init__.cpython-310.pyc
[1.290s] running install_data
[1.290s] creating /workspace/install/camera/share/ament_index
[1.290s] creating /workspace/install/camera/share/ament_index/resource_index
[1.290s] creating /workspace/install/camera/share/ament_index/resource_index/packages
[1.290s] copying resource/camera -> /workspace/install/camera/share/ament_index/resource_index/packages
[1.290s] copying package.xml -> /workspace/install/camera/share/camera
[1.290s] running install_egg_info
[1.290s] Copying ../../build/camera/camera.egg-info to /workspace/install/camera/lib/python3.10/site-packages/camera-0.0.0-py3.10.egg-info
[1.291s] running install_scripts
[1.303s] Installing usb_camera script to /workspace/install/camera/lib/camera
[1.303s] writing list of installed files to '/workspace/build/camera/install.log'
[1.368s] Invoked command in '/workspace/src/camera' returned '0': PYTHONPATH=/workspace/build/camera/prefix_override:/usr/lib/python3/dist-packages/colcon_core/task/python/colcon_distutils_commands:/workspace/install/camera/lib/python3.10/site-packages:${PYTHONPATH} /usr/bin/python3 -W ignore:setup.py install is deprecated -W ignore:easy_install command is deprecated setup.py egg_info --egg-base ../../build/camera build --build-base /workspace/build/camera/build install --record /workspace/build/camera/install.log --single-version-externally-managed install_data
