[1.695s] Invoking command in '/workspace/src/yolo': PYTHONPATH=/workspace/build/yolo/prefix_override:/usr/lib/python3/dist-packages/colcon_core/task/python/colcon_distutils_commands:/workspace/install/yolo/lib/python3.10/site-packages:${PYTHONPATH} /usr/bin/python3 -W ignore:setup.py install is deprecated -W ignore:easy_install command is deprecated setup.py egg_info --egg-base ../../build/yolo build --build-base /workspace/build/yolo/build install --record /workspace/build/yolo/install.log --single-version-externally-managed install_data
[1.994s] running egg_info
[1.994s] writing ../../build/yolo/yolo.egg-info/PKG-INFO
[1.995s] writing dependency_links to ../../build/yolo/yolo.egg-info/dependency_links.txt
[1.995s] writing entry points to ../../build/yolo/yolo.egg-info/entry_points.txt
[1.995s] writing requirements to ../../build/yolo/yolo.egg-info/requires.txt
[1.995s] writing top-level names to ../../build/yolo/yolo.egg-info/top_level.txt
[1.997s] reading manifest file '../../build/yolo/yolo.egg-info/SOURCES.txt'
[1.998s] writing manifest file '../../build/yolo/yolo.egg-info/SOURCES.txt'
[1.999s] running build
[1.999s] running build_py
[1.999s] copying yolo/human_detect.py -> /workspace/build/yolo/build/lib/yolo
[1.999s] running install
[2.000s] running install_lib
[2.001s] copying /workspace/build/yolo/build/lib/yolo/human_detect.py -> /workspace/install/yolo/lib/python3.10/site-packages/yolo
[2.002s] byte-compiling /workspace/install/yolo/lib/python3.10/site-packages/yolo/human_detect.py to human_detect.cpython-310.pyc
[2.003s] running install_data
[2.003s] running install_egg_info
[2.007s] removing '/workspace/install/yolo/lib/python3.10/site-packages/yolo-0.0.0-py3.10.egg-info' (and everything under it)
[2.007s] Copying ../../build/yolo/yolo.egg-info to /workspace/install/yolo/lib/python3.10/site-packages/yolo-0.0.0-py3.10.egg-info
[2.008s] running install_scripts
[2.047s] Installing yolo script to /workspace/install/yolo/lib/yolo
[2.047s] writing list of installed files to '/workspace/build/yolo/install.log'
[2.086s] Invoked command in '/workspace/src/yolo' returned '0': PYTHONPATH=/workspace/build/yolo/prefix_override:/usr/lib/python3/dist-packages/colcon_core/task/python/colcon_distutils_commands:/workspace/install/yolo/lib/python3.10/site-packages:${PYTHONPATH} /usr/bin/python3 -W ignore:setup.py install is deprecated -W ignore:easy_install command is deprecated setup.py egg_info --egg-base ../../build/yolo build --build-base /workspace/build/yolo/build install --record /workspace/build/yolo/install.log --single-version-externally-managed install_data
