running egg_info
writing ../../build/yolo/yolo.egg-info/PKG-INFO
writing dependency_links to ../../build/yolo/yolo.egg-info/dependency_links.txt
writing entry points to ../../build/yolo/yolo.egg-info/entry_points.txt
writing requirements to ../../build/yolo/yolo.egg-info/requires.txt
writing top-level names to ../../build/yolo/yolo.egg-info/top_level.txt
reading manifest file '../../build/yolo/yolo.egg-info/SOURCES.txt'
writing manifest file '../../build/yolo/yolo.egg-info/SOURCES.txt'
running build
running build_py
copying yolo/human_detect.py -> /workspace/build/yolo/build/lib/yolo
running install
running install_lib
copying /workspace/build/yolo/build/lib/yolo/human_detect.py -> /workspace/install/yolo/lib/python3.10/site-packages/yolo
byte-compiling /workspace/install/yolo/lib/python3.10/site-packages/yolo/human_detect.py to human_detect.cpython-310.pyc
running install_data
running install_egg_info
removing '/workspace/install/yolo/lib/python3.10/site-packages/yolo-0.0.0-py3.10.egg-info' (and everything under it)
Copying ../../build/yolo/yolo.egg-info to /workspace/install/yolo/lib/python3.10/site-packages/yolo-0.0.0-py3.10.egg-info
running install_scripts
Installing yolo script to /workspace/install/yolo/lib/yolo
writing list of installed files to '/workspace/build/yolo/install.log'
