[1.630s] Invoking command in '/workspace/src/yolo': PYTHONPATH=/workspace/build/yolo/prefix_override:/usr/lib/python3/dist-packages/colcon_core/task/python/colcon_distutils_commands:/workspace/install/yolo/lib/python3.10/site-packages:${PYTHONPATH} /usr/bin/python3 -W ignore:setup.py install is deprecated -W ignore:easy_install command is deprecated setup.py egg_info --egg-base ../../build/yolo build --build-base /workspace/build/yolo/build install --record /workspace/build/yolo/install.log --single-version-externally-managed install_data
[1.911s] running egg_info
[1.912s] writing ../../build/yolo/yolo.egg-info/PKG-INFO
[1.912s] writing dependency_links to ../../build/yolo/yolo.egg-info/dependency_links.txt
[1.912s] writing entry points to ../../build/yolo/yolo.egg-info/entry_points.txt
[1.912s] writing requirements to ../../build/yolo/yolo.egg-info/requires.txt
[1.913s] writing top-level names to ../../build/yolo/yolo.egg-info/top_level.txt
[1.915s] reading manifest file '../../build/yolo/yolo.egg-info/SOURCES.txt'
[1.916s] writing manifest file '../../build/yolo/yolo.egg-info/SOURCES.txt'
[1.916s] running build
[1.916s] running build_py
[1.916s] copying yolo/human_detect.py -> /workspace/build/yolo/build/lib/yolo
[1.916s] running install
[1.917s] running install_lib
[1.918s] copying /workspace/build/yolo/build/lib/yolo/human_detect.py -> /workspace/install/yolo/lib/python3.10/site-packages/yolo
[1.919s] byte-compiling /workspace/install/yolo/lib/python3.10/site-packages/yolo/human_detect.py to human_detect.cpython-310.pyc
[1.920s] running install_data
[1.920s] running install_egg_info
[1.922s] removing '/workspace/install/yolo/lib/python3.10/site-packages/yolo-0.0.0-py3.10.egg-info' (and everything under it)
[1.923s] Copying ../../build/yolo/yolo.egg-info to /workspace/install/yolo/lib/python3.10/site-packages/yolo-0.0.0-py3.10.egg-info
[1.923s] running install_scripts
[1.960s] Installing yolo script to /workspace/install/yolo/lib/yolo
[1.961s] writing list of installed files to '/workspace/build/yolo/install.log'
[2.019s] Invoked command in '/workspace/src/yolo' returned '0': PYTHONPATH=/workspace/build/yolo/prefix_override:/usr/lib/python3/dist-packages/colcon_core/task/python/colcon_distutils_commands:/workspace/install/yolo/lib/python3.10/site-packages:${PYTHONPATH} /usr/bin/python3 -W ignore:setup.py install is deprecated -W ignore:easy_install command is deprecated setup.py egg_info --egg-base ../../build/yolo build --build-base /workspace/build/yolo/build install --record /workspace/build/yolo/install.log --single-version-externally-managed install_data
