[1.526s] Invoking command in '/workspace/src/record': PYTHONPATH=/workspace/build/record/prefix_override:/usr/lib/python3/dist-packages/colcon_core/task/python/colcon_distutils_commands:/workspace/install/record/lib/python3.10/site-packages:${PYTHONPATH} /usr/bin/python3 -W ignore:setup.py install is deprecated -W ignore:easy_install command is deprecated setup.py egg_info --egg-base ../../build/record build --build-base /workspace/build/record/build install --record /workspace/build/record/install.log --single-version-externally-managed install_data
[1.783s] running egg_info
[1.785s] writing ../../build/record/record.egg-info/PKG-INFO
[1.785s] writing dependency_links to ../../build/record/record.egg-info/dependency_links.txt
[1.785s] writing entry points to ../../build/record/record.egg-info/entry_points.txt
[1.785s] writing requirements to ../../build/record/record.egg-info/requires.txt
[1.786s] writing top-level names to ../../build/record/record.egg-info/top_level.txt
[1.787s] reading manifest file '../../build/record/record.egg-info/SOURCES.txt'
[1.789s] writing manifest file '../../build/record/record.egg-info/SOURCES.txt'
[1.789s] running build
[1.789s] running build_py
[1.789s] running install
[1.789s] running install_lib
[1.791s] running install_data
[1.791s] running install_egg_info
[1.793s] removing '/workspace/install/record/lib/python3.10/site-packages/record-0.0.0-py3.10.egg-info' (and everything under it)
[1.794s] Copying ../../build/record/record.egg-info to /workspace/install/record/lib/python3.10/site-packages/record-0.0.0-py3.10.egg-info
[1.794s] running install_scripts
[1.824s] Installing record script to /workspace/install/record/lib/record
[1.825s] writing list of installed files to '/workspace/build/record/install.log'
[1.884s] Invoked command in '/workspace/src/record' returned '0': PYTHONPATH=/workspace/build/record/prefix_override:/usr/lib/python3/dist-packages/colcon_core/task/python/colcon_distutils_commands:/workspace/install/record/lib/python3.10/site-packages:${PYTHONPATH} /usr/bin/python3 -W ignore:setup.py install is deprecated -W ignore:easy_install command is deprecated setup.py egg_info --egg-base ../../build/record build --build-base /workspace/build/record/build install --record /workspace/build/record/install.log --single-version-externally-managed install_data
