[1.660s] Invoking command in '/workspace/src/gps': PYTHONPATH=/workspace/build/gps/prefix_override:/usr/lib/python3/dist-packages/colcon_core/task/python/colcon_distutils_commands:/workspace/install/gps/lib/python3.10/site-packages:${PYTHONPATH} /usr/bin/python3 -W ignore:setup.py install is deprecated -W ignore:easy_install command is deprecated setup.py egg_info --egg-base ../../build/gps build --build-base /workspace/build/gps/build install --record /workspace/build/gps/install.log --single-version-externally-managed install_data
[1.968s] running egg_info
[1.969s] writing ../../build/gps/gps.egg-info/PKG-INFO
[1.969s] writing dependency_links to ../../build/gps/gps.egg-info/dependency_links.txt
[1.969s] writing entry points to ../../build/gps/gps.egg-info/entry_points.txt
[1.969s] writing requirements to ../../build/gps/gps.egg-info/requires.txt
[1.970s] writing top-level names to ../../build/gps/gps.egg-info/top_level.txt
[1.972s] reading manifest file '../../build/gps/gps.egg-info/SOURCES.txt'
[1.973s] writing manifest file '../../build/gps/gps.egg-info/SOURCES.txt'
[1.973s] running build
[1.973s] running build_py
[1.974s] running install
[1.974s] running install_lib
[1.975s] running install_data
[1.976s] running install_egg_info
[1.978s] removing '/workspace/install/gps/lib/python3.10/site-packages/gps-0.0.0-py3.10.egg-info' (and everything under it)
[1.978s] Copying ../../build/gps/gps.egg-info to /workspace/install/gps/lib/python3.10/site-packages/gps-0.0.0-py3.10.egg-info
[1.979s] running install_scripts
[2.012s] Installing gps script to /workspace/install/gps/lib/gps
[2.013s] Installing simulator script to /workspace/install/gps/lib/gps
[2.013s] writing list of installed files to '/workspace/build/gps/install.log'
[2.077s] Invoked command in '/workspace/src/gps' returned '0': PYTHONPATH=/workspace/build/gps/prefix_override:/usr/lib/python3/dist-packages/colcon_core/task/python/colcon_distutils_commands:/workspace/install/gps/lib/python3.10/site-packages:${PYTHONPATH} /usr/bin/python3 -W ignore:setup.py install is deprecated -W ignore:easy_install command is deprecated setup.py egg_info --egg-base ../../build/gps build --build-base /workspace/build/gps/build install --record /workspace/build/gps/install.log --single-version-externally-managed install_data
