[1.629s] Invoking command in '/workspace/src/gps': PYTHONPATH=/workspace/build/gps/prefix_override:/usr/lib/python3/dist-packages/colcon_core/task/python/colcon_distutils_commands:/workspace/install/gps/lib/python3.10/site-packages:${PYTHONPATH} /usr/bin/python3 -W ignore:setup.py install is deprecated -W ignore:easy_install command is deprecated setup.py egg_info --egg-base ../../build/gps build --build-base /workspace/build/gps/build install --record /workspace/build/gps/install.log --single-version-externally-managed install_data
[1.912s] running egg_info
[1.913s] writing ../../build/gps/gps.egg-info/PKG-INFO
[1.913s] writing dependency_links to ../../build/gps/gps.egg-info/dependency_links.txt
[1.913s] writing entry points to ../../build/gps/gps.egg-info/entry_points.txt
[1.913s] writing requirements to ../../build/gps/gps.egg-info/requires.txt
[1.913s] writing top-level names to ../../build/gps/gps.egg-info/top_level.txt
[1.915s] reading manifest file '../../build/gps/gps.egg-info/SOURCES.txt'
[1.917s] writing manifest file '../../build/gps/gps.egg-info/SOURCES.txt'
[1.917s] running build
[1.917s] running build_py
[1.917s] running install
[1.918s] running install_lib
[1.920s] running install_data
[1.920s] running install_egg_info
[1.922s] removing '/workspace/install/gps/lib/python3.10/site-packages/gps-0.0.0-py3.10.egg-info' (and everything under it)
[1.923s] Copying ../../build/gps/gps.egg-info to /workspace/install/gps/lib/python3.10/site-packages/gps-0.0.0-py3.10.egg-info
[1.924s] running install_scripts
[1.957s] Installing gps script to /workspace/install/gps/lib/gps
[1.957s] Installing simulator script to /workspace/install/gps/lib/gps
[1.958s] writing list of installed files to '/workspace/build/gps/install.log'
[2.023s] Invoked command in '/workspace/src/gps' returned '0': PYTHONPATH=/workspace/build/gps/prefix_override:/usr/lib/python3/dist-packages/colcon_core/task/python/colcon_distutils_commands:/workspace/install/gps/lib/python3.10/site-packages:${PYTHONPATH} /usr/bin/python3 -W ignore:setup.py install is deprecated -W ignore:easy_install command is deprecated setup.py egg_info --egg-base ../../build/gps build --build-base /workspace/build/gps/build install --record /workspace/build/gps/install.log --single-version-externally-managed install_data
