[1.704s] Invoking command in '/workspace/src/calculate': PYTHONPATH=/workspace/build/calculate/prefix_override:/usr/lib/python3/dist-packages/colcon_core/task/python/colcon_distutils_commands:/workspace/install/calculate/lib/python3.10/site-packages:${PYTHONPATH} /usr/bin/python3 -W ignore:setup.py install is deprecated -W ignore:easy_install command is deprecated setup.py egg_info --egg-base ../../build/calculate build --build-base /workspace/build/calculate/build install --record /workspace/build/calculate/install.log --single-version-externally-managed install_data
[2.041s] running egg_info
[2.042s] writing ../../build/calculate/calculate.egg-info/PKG-INFO
[2.044s] writing dependency_links to ../../build/calculate/calculate.egg-info/dependency_links.txt
[2.044s] writing entry points to ../../build/calculate/calculate.egg-info/entry_points.txt
[2.044s] writing requirements to ../../build/calculate/calculate.egg-info/requires.txt
[2.044s] writing top-level names to ../../build/calculate/calculate.egg-info/top_level.txt
[2.046s] reading manifest file '../../build/calculate/calculate.egg-info/SOURCES.txt'
[2.047s] writing manifest file '../../build/calculate/calculate.egg-info/SOURCES.txt'
[2.047s] running build
[2.048s] running build_py
[2.048s] running install
[2.048s] running install_lib
[2.050s] running install_data
[2.051s] running install_egg_info
[2.054s] removing '/workspace/install/calculate/lib/python3.10/site-packages/calculate-0.0.0-py3.10.egg-info' (and everything under it)
[2.054s] Copying ../../build/calculate/calculate.egg-info to /workspace/install/calculate/lib/python3.10/site-packages/calculate-0.0.0-py3.10.egg-info
[2.055s] running install_scripts
[2.086s] Installing calculate script to /workspace/install/calculate/lib/calculate
[2.086s] writing list of installed files to '/workspace/build/calculate/install.log'
[2.162s] Invoked command in '/workspace/src/calculate' returned '0': PYTHONPATH=/workspace/build/calculate/prefix_override:/usr/lib/python3/dist-packages/colcon_core/task/python/colcon_distutils_commands:/workspace/install/calculate/lib/python3.10/site-packages:${PYTHONPATH} /usr/bin/python3 -W ignore:setup.py install is deprecated -W ignore:easy_install command is deprecated setup.py egg_info --egg-base ../../build/calculate build --build-base /workspace/build/calculate/build install --record /workspace/build/calculate/install.log --single-version-externally-managed install_data
