running egg_info
creating ../../build/yolo/yolo.egg-info
writing ../../build/yolo/yolo.egg-info/PKG-INFO
writing dependency_links to ../../build/yolo/yolo.egg-info/dependency_links.txt
writing entry points to ../../build/yolo/yolo.egg-info/entry_points.txt
writing requirements to ../../build/yolo/yolo.egg-info/requires.txt
writing top-level names to ../../build/yolo/yolo.egg-info/top_level.txt
writing manifest file '../../build/yolo/yolo.egg-info/SOURCES.txt'
reading manifest file '../../build/yolo/yolo.egg-info/SOURCES.txt'
writing manifest file '../../build/yolo/yolo.egg-info/SOURCES.txt'
running build
running build_py
creating /workspace/build/yolo/build
creating /workspace/build/yolo/build/lib
creating /workspace/build/yolo/build/lib/yolo
copying yolo/__init__.py -> /workspace/build/yolo/build/lib/yolo
copying yolo/bytetrack.py -> /workspace/build/yolo/build/lib/yolo
copying yolo/person_detection_python.py -> /workspace/build/yolo/build/lib/yolo
copying yolo/human_detect.py -> /workspace/build/yolo/build/lib/yolo
running install
running install_lib
creating /workspace/install/yolo/lib/python3.10/site-packages/yolo
copying /workspace/build/yolo/build/lib/yolo/__init__.py -> /workspace/install/yolo/lib/python3.10/site-packages/yolo
copying /workspace/build/yolo/build/lib/yolo/bytetrack.py -> /workspace/install/yolo/lib/python3.10/site-packages/yolo
copying /workspace/build/yolo/build/lib/yolo/person_detection_python.py -> /workspace/install/yolo/lib/python3.10/site-packages/yolo
copying /workspace/build/yolo/build/lib/yolo/human_detect.py -> /workspace/install/yolo/lib/python3.10/site-packages/yolo
byte-compiling /workspace/install/yolo/lib/python3.10/site-packages/yolo/__init__.py to __init__.cpython-310.pyc
byte-compiling /workspace/install/yolo/lib/python3.10/site-packages/yolo/bytetrack.py to bytetrack.cpython-310.pyc
byte-compiling /workspace/install/yolo/lib/python3.10/site-packages/yolo/person_detection_python.py to person_detection_python.cpython-310.pyc
byte-compiling /workspace/install/yolo/lib/python3.10/site-packages/yolo/human_detect.py to human_detect.cpython-310.pyc
running install_data
creating /workspace/install/yolo/share/ament_index
creating /workspace/install/yolo/share/ament_index/resource_index
creating /workspace/install/yolo/share/ament_index/resource_index/packages
copying resource/yolo -> /workspace/install/yolo/share/ament_index/resource_index/packages
copying package.xml -> /workspace/install/yolo/share/yolo
running install_egg_info
Copying ../../build/yolo/yolo.egg-info to /workspace/install/yolo/lib/python3.10/site-packages/yolo-0.0.0-py3.10.egg-info
running install_scripts
Installing yolo script to /workspace/install/yolo/lib/yolo
writing list of installed files to '/workspace/build/yolo/install.log'
