[1.752s] Invoking command in '/workspace/src/gps': PYTHONPATH=/workspace/build/gps/prefix_override:/usr/lib/python3/dist-packages/colcon_core/task/python/colcon_distutils_commands:/workspace/install/gps/lib/python3.10/site-packages:${PYTHONPATH} /usr/bin/python3 -W ignore:setup.py install is deprecated -W ignore:easy_install command is deprecated setup.py egg_info --egg-base ../../build/gps build --build-base /workspace/build/gps/build install --record /workspace/build/gps/install.log --single-version-externally-managed install_data
[2.038s] running egg_info
[2.039s] writing ../../build/gps/gps.egg-info/PKG-INFO
[2.039s] writing dependency_links to ../../build/gps/gps.egg-info/dependency_links.txt
[2.040s] writing entry points to ../../build/gps/gps.egg-info/entry_points.txt
[2.040s] writing requirements to ../../build/gps/gps.egg-info/requires.txt
[2.040s] writing top-level names to ../../build/gps/gps.egg-info/top_level.txt
[2.042s] reading manifest file '../../build/gps/gps.egg-info/SOURCES.txt'
[2.043s] writing manifest file '../../build/gps/gps.egg-info/SOURCES.txt'
[2.043s] running build
[2.043s] running build_py
[2.043s] running install
[2.044s] running install_lib
[2.046s] running install_data
[2.047s] running install_egg_info
[2.049s] removing '/workspace/install/gps/lib/python3.10/site-packages/gps-0.0.0-py3.10.egg-info' (and everything under it)
[2.049s] Copying ../../build/gps/gps.egg-info to /workspace/install/gps/lib/python3.10/site-packages/gps-0.0.0-py3.10.egg-info
[2.050s] running install_scripts
[2.082s] Installing gps script to /workspace/install/gps/lib/gps
[2.082s] Installing simulator script to /workspace/install/gps/lib/gps
[2.082s] writing list of installed files to '/workspace/build/gps/install.log'
[2.166s] Invoked command in '/workspace/src/gps' returned '0': PYTHONPATH=/workspace/build/gps/prefix_override:/usr/lib/python3/dist-packages/colcon_core/task/python/colcon_distutils_commands:/workspace/install/gps/lib/python3.10/site-packages:${PYTHONPATH} /usr/bin/python3 -W ignore:setup.py install is deprecated -W ignore:easy_install command is deprecated setup.py egg_info --egg-base ../../build/gps build --build-base /workspace/build/gps/build install --record /workspace/build/gps/install.log --single-version-externally-managed install_data
