[1.673s] Invoking command in '/workspace/src/gps': PYTHONPATH=/workspace/build/gps/prefix_override:/usr/lib/python3/dist-packages/colcon_core/task/python/colcon_distutils_commands:/workspace/install/gps/lib/python3.10/site-packages:${PYTHONPATH} /usr/bin/python3 -W ignore:setup.py install is deprecated -W ignore:easy_install command is deprecated setup.py egg_info --egg-base ../../build/gps build --build-base /workspace/build/gps/build install --record /workspace/build/gps/install.log --single-version-externally-managed install_data
[1.946s] running egg_info
[1.948s] writing ../../build/gps/gps.egg-info/PKG-INFO
[1.948s] writing dependency_links to ../../build/gps/gps.egg-info/dependency_links.txt
[1.948s] writing entry points to ../../build/gps/gps.egg-info/entry_points.txt
[1.948s] writing requirements to ../../build/gps/gps.egg-info/requires.txt
[1.949s] writing top-level names to ../../build/gps/gps.egg-info/top_level.txt
[1.950s] reading manifest file '../../build/gps/gps.egg-info/SOURCES.txt'
[1.951s] writing manifest file '../../build/gps/gps.egg-info/SOURCES.txt'
[1.951s] running build
[1.952s] running build_py
[1.952s] running install
[1.953s] running install_lib
[1.954s] running install_data
[1.955s] running install_egg_info
[1.957s] removing '/workspace/install/gps/lib/python3.10/site-packages/gps-0.0.0-py3.10.egg-info' (and everything under it)
[1.957s] Copying ../../build/gps/gps.egg-info to /workspace/install/gps/lib/python3.10/site-packages/gps-0.0.0-py3.10.egg-info
[1.958s] running install_scripts
[1.989s] Installing gps script to /workspace/install/gps/lib/gps
[1.989s] Installing simulator script to /workspace/install/gps/lib/gps
[1.990s] writing list of installed files to '/workspace/build/gps/install.log'
[2.069s] Invoked command in '/workspace/src/gps' returned '0': PYTHONPATH=/workspace/build/gps/prefix_override:/usr/lib/python3/dist-packages/colcon_core/task/python/colcon_distutils_commands:/workspace/install/gps/lib/python3.10/site-packages:${PYTHONPATH} /usr/bin/python3 -W ignore:setup.py install is deprecated -W ignore:easy_install command is deprecated setup.py egg_info --egg-base ../../build/gps build --build-base /workspace/build/gps/build install --record /workspace/build/gps/install.log --single-version-externally-managed install_data
