[1.195s] Invoking command in '/workspace/src/camera': PYTHONPATH=/workspace/build/camera/prefix_override:/usr/lib/python3/dist-packages/colcon_core/task/python/colcon_distutils_commands:/workspace/install/camera/lib/python3.10/site-packages:${PYTHONPATH} /usr/bin/python3 -W ignore:setup.py install is deprecated -W ignore:easy_install command is deprecated setup.py egg_info --egg-base ../../build/camera build --build-base /workspace/build/camera/build install --record /workspace/build/camera/install.log --single-version-externally-managed install_data
[1.395s] running egg_info
[1.396s] writing ../../build/camera/camera.egg-info/PKG-INFO
[1.396s] writing dependency_links to ../../build/camera/camera.egg-info/dependency_links.txt
[1.396s] writing entry points to ../../build/camera/camera.egg-info/entry_points.txt
[1.397s] writing requirements to ../../build/camera/camera.egg-info/requires.txt
[1.397s] writing top-level names to ../../build/camera/camera.egg-info/top_level.txt
[1.398s] reading manifest file '../../build/camera/camera.egg-info/SOURCES.txt'
[1.399s] writing manifest file '../../build/camera/camera.egg-info/SOURCES.txt'
[1.399s] running build
[1.399s] running build_py
[1.400s] running install
[1.400s] running install_lib
[1.401s] running install_data
[1.401s] running install_egg_info
[1.403s] removing '/workspace/install/camera/lib/python3.10/site-packages/camera-0.0.0-py3.10.egg-info' (and everything under it)
[1.403s] Copying ../../build/camera/camera.egg-info to /workspace/install/camera/lib/python3.10/site-packages/camera-0.0.0-py3.10.egg-info
[1.404s] running install_scripts
[1.427s] Installing usb_camera script to /workspace/install/camera/lib/camera
[1.427s] writing list of installed files to '/workspace/build/camera/install.log'
[1.489s] Invoked command in '/workspace/src/camera' returned '0': PYTHONPATH=/workspace/build/camera/prefix_override:/usr/lib/python3/dist-packages/colcon_core/task/python/colcon_distutils_commands:/workspace/install/camera/lib/python3.10/site-packages:${PYTHONPATH} /usr/bin/python3 -W ignore:setup.py install is deprecated -W ignore:easy_install command is deprecated setup.py egg_info --egg-base ../../build/camera build --build-base /workspace/build/camera/build install --record /workspace/build/camera/install.log --single-version-externally-managed install_data
