[0.103s] DEBUG:colcon:Command line arguments: ['/usr/bin/colcon', 'build']
[0.103s] DEBUG:colcon:Parsed command line arguments: Namespace(log_base=None, log_level=None, verb_name='build', build_base='build', install_base='install', merge_install=False, symlink_install=False, test_result_base=None, continue_on_error=False, executor='parallel', parallel_workers=16, event_handlers=None, ignore_user_meta=False, metas=['./colcon.meta'], base_paths=['.'], packages_ignore=None, packages_ignore_regex=None, paths=None, packages_up_to=None, packages_up_to_regex=None, packages_above=None, packages_above_and_dependencies=None, packages_above_depth=None, packages_select_by_dep=None, packages_skip_by_dep=None, packages_skip_up_to=None, packages_select_build_failed=False, packages_skip_build_finished=False, packages_select_test_failures=False, packages_skip_test_passed=False, packages_select=None, packages_skip=None, packages_select_regex=None, packages_skip_regex=None, packages_start=None, packages_end=None, allow_overriding=[], cmake_args=None, cmake_target=None, cmake_target_skip_unavailable=False, cmake_clean_cache=False, cmake_clean_first=False, cmake_force_configure=False, ament_cmake_args=None, catkin_cmake_args=None, catkin_skip_building_tests=False, verb_parser=<colcon_defaults.argument_parser.defaults.DefaultArgumentsDecorator object at 0x7e7a5a1b3d30>, verb_extension=<colcon_core.verb.build.BuildVerb object at 0x7e7a5a1b3670>, main=<bound method BuildVerb.main of <colcon_core.verb.build.BuildVerb object at 0x7e7a5a1b3670>>)
[0.243s] Level 1:colcon.colcon_core.package_discovery:discover_packages(colcon_meta) check parameters
[0.243s] Level 1:colcon.colcon_core.package_discovery:discover_packages(recursive) check parameters
[0.243s] Level 1:colcon.colcon_core.package_discovery:discover_packages(ignore) check parameters
[0.243s] Level 1:colcon.colcon_core.package_discovery:discover_packages(path) check parameters
[0.243s] Level 1:colcon.colcon_core.package_discovery:discover_packages(colcon_meta) discover
[0.243s] Level 1:colcon.colcon_core.package_discovery:discover_packages(recursive) discover
[0.243s] INFO:colcon.colcon_core.package_discovery:Crawling recursively for packages in '/workspace'
[0.243s] Level 1:colcon.colcon_core.package_identification:_identify(.) by extensions ['ignore', 'ignore_ament_install']
[0.243s] Level 1:colcon.colcon_core.package_identification:_identify(.) by extension 'ignore'
[0.243s] Level 1:colcon.colcon_core.package_identification:_identify(.) by extension 'ignore_ament_install'
[0.244s] Level 1:colcon.colcon_core.package_identification:_identify(.) by extensions ['colcon_pkg']
[0.244s] Level 1:colcon.colcon_core.package_identification:_identify(.) by extension 'colcon_pkg'
[0.244s] Level 1:colcon.colcon_core.package_identification:_identify(.) by extensions ['colcon_meta']
[0.244s] Level 1:colcon.colcon_core.package_identification:_identify(.) by extension 'colcon_meta'
[0.244s] Level 1:colcon.colcon_core.package_identification:_identify(.) by extensions ['ros']
[0.244s] Level 1:colcon.colcon_core.package_identification:_identify(.) by extension 'ros'
[0.256s] Level 1:colcon.colcon_core.package_identification:_identify(.) by extensions ['cmake', 'python']
[0.256s] Level 1:colcon.colcon_core.package_identification:_identify(.) by extension 'cmake'
[0.256s] Level 1:colcon.colcon_core.package_identification:_identify(.) by extension 'python'
[0.256s] Level 1:colcon.colcon_core.package_identification:_identify(.) by extensions ['python_setup_py']
[0.256s] Level 1:colcon.colcon_core.package_identification:_identify(.) by extension 'python_setup_py'
[0.256s] Level 1:colcon.colcon_core.package_identification:_identify(build) by extensions ['ignore', 'ignore_ament_install']
[0.257s] Level 1:colcon.colcon_core.package_identification:_identify(build) by extension 'ignore'
[0.257s] Level 1:colcon.colcon_core.package_identification:_identify(build) ignored
[0.257s] Level 1:colcon.colcon_core.package_identification:_identify(docker) by extensions ['ignore', 'ignore_ament_install']
[0.257s] Level 1:colcon.colcon_core.package_identification:_identify(docker) by extension 'ignore'
[0.257s] Level 1:colcon.colcon_core.package_identification:_identify(docker) by extension 'ignore_ament_install'
[0.257s] Level 1:colcon.colcon_core.package_identification:_identify(docker) by extensions ['colcon_pkg']
[0.257s] Level 1:colcon.colcon_core.package_identification:_identify(docker) by extension 'colcon_pkg'
[0.257s] Level 1:colcon.colcon_core.package_identification:_identify(docker) by extensions ['colcon_meta']
[0.257s] Level 1:colcon.colcon_core.package_identification:_identify(docker) by extension 'colcon_meta'
[0.257s] Level 1:colcon.colcon_core.package_identification:_identify(docker) by extensions ['ros']
[0.257s] Level 1:colcon.colcon_core.package_identification:_identify(docker) by extension 'ros'
[0.257s] Level 1:colcon.colcon_core.package_identification:_identify(docker) by extensions ['cmake', 'python']
[0.257s] Level 1:colcon.colcon_core.package_identification:_identify(docker) by extension 'cmake'
[0.257s] Level 1:colcon.colcon_core.package_identification:_identify(docker) by extension 'python'
[0.257s] Level 1:colcon.colcon_core.package_identification:_identify(docker) by extensions ['python_setup_py']
[0.257s] Level 1:colcon.colcon_core.package_identification:_identify(docker) by extension 'python_setup_py'
[0.257s] Level 1:colcon.colcon_core.package_identification:_identify(docker/jetson_r35) by extensions ['ignore', 'ignore_ament_install']
[0.258s] Level 1:colcon.colcon_core.package_identification:_identify(docker/jetson_r35) by extension 'ignore'
[0.258s] Level 1:colcon.colcon_core.package_identification:_identify(docker/jetson_r35) by extension 'ignore_ament_install'
[0.258s] Level 1:colcon.colcon_core.package_identification:_identify(docker/jetson_r35) by extensions ['colcon_pkg']
[0.258s] Level 1:colcon.colcon_core.package_identification:_identify(docker/jetson_r35) by extension 'colcon_pkg'
[0.258s] Level 1:colcon.colcon_core.package_identification:_identify(docker/jetson_r35) by extensions ['colcon_meta']
[0.258s] Level 1:colcon.colcon_core.package_identification:_identify(docker/jetson_r35) by extension 'colcon_meta'
[0.258s] Level 1:colcon.colcon_core.package_identification:_identify(docker/jetson_r35) by extensions ['ros']
[0.258s] Level 1:colcon.colcon_core.package_identification:_identify(docker/jetson_r35) by extension 'ros'
[0.258s] Level 1:colcon.colcon_core.package_identification:_identify(docker/jetson_r35) by extensions ['cmake', 'python']
[0.258s] Level 1:colcon.colcon_core.package_identification:_identify(docker/jetson_r35) by extension 'cmake'
[0.258s] Level 1:colcon.colcon_core.package_identification:_identify(docker/jetson_r35) by extension 'python'
[0.258s] Level 1:colcon.colcon_core.package_identification:_identify(docker/jetson_r35) by extensions ['python_setup_py']
[0.258s] Level 1:colcon.colcon_core.package_identification:_identify(docker/jetson_r35) by extension 'python_setup_py'
[0.258s] Level 1:colcon.colcon_core.package_identification:_identify(docker/jetson_r36) by extensions ['ignore', 'ignore_ament_install']
[0.258s] Level 1:colcon.colcon_core.package_identification:_identify(docker/jetson_r36) by extension 'ignore'
[0.258s] Level 1:colcon.colcon_core.package_identification:_identify(docker/jetson_r36) by extension 'ignore_ament_install'
[0.258s] Level 1:colcon.colcon_core.package_identification:_identify(docker/jetson_r36) by extensions ['colcon_pkg']
[0.258s] Level 1:colcon.colcon_core.package_identification:_identify(docker/jetson_r36) by extension 'colcon_pkg'
[0.258s] Level 1:colcon.colcon_core.package_identification:_identify(docker/jetson_r36) by extensions ['colcon_meta']
[0.258s] Level 1:colcon.colcon_core.package_identification:_identify(docker/jetson_r36) by extension 'colcon_meta'
[0.258s] Level 1:colcon.colcon_core.package_identification:_identify(docker/jetson_r36) by extensions ['ros']
[0.258s] Level 1:colcon.colcon_core.package_identification:_identify(docker/jetson_r36) by extension 'ros'
[0.258s] Level 1:colcon.colcon_core.package_identification:_identify(docker/jetson_r36) by extensions ['cmake', 'python']
[0.258s] Level 1:colcon.colcon_core.package_identification:_identify(docker/jetson_r36) by extension 'cmake'
[0.259s] Level 1:colcon.colcon_core.package_identification:_identify(docker/jetson_r36) by extension 'python'
[0.259s] Level 1:colcon.colcon_core.package_identification:_identify(docker/jetson_r36) by extensions ['python_setup_py']
[0.259s] Level 1:colcon.colcon_core.package_identification:_identify(docker/jetson_r36) by extension 'python_setup_py'
[0.259s] Level 1:colcon.colcon_core.package_identification:_identify(docker/jetson_r364) by extensions ['ignore', 'ignore_ament_install']
[0.259s] Level 1:colcon.colcon_core.package_identification:_identify(docker/jetson_r364) by extension 'ignore'
[0.259s] Level 1:colcon.colcon_core.package_identification:_identify(docker/jetson_r364) by extension 'ignore_ament_install'
[0.259s] Level 1:colcon.colcon_core.package_identification:_identify(docker/jetson_r364) by extensions ['colcon_pkg']
[0.259s] Level 1:colcon.colcon_core.package_identification:_identify(docker/jetson_r364) by extension 'colcon_pkg'
[0.259s] Level 1:colcon.colcon_core.package_identification:_identify(docker/jetson_r364) by extensions ['colcon_meta']
[0.259s] Level 1:colcon.colcon_core.package_identification:_identify(docker/jetson_r364) by extension 'colcon_meta'
[0.259s] Level 1:colcon.colcon_core.package_identification:_identify(docker/jetson_r364) by extensions ['ros']
[0.259s] Level 1:colcon.colcon_core.package_identification:_identify(docker/jetson_r364) by extension 'ros'
[0.259s] Level 1:colcon.colcon_core.package_identification:_identify(docker/jetson_r364) by extensions ['cmake', 'python']
[0.259s] Level 1:colcon.colcon_core.package_identification:_identify(docker/jetson_r364) by extension 'cmake'
[0.259s] Level 1:colcon.colcon_core.package_identification:_identify(docker/jetson_r364) by extension 'python'
[0.259s] Level 1:colcon.colcon_core.package_identification:_identify(docker/jetson_r364) by extensions ['python_setup_py']
[0.259s] Level 1:colcon.colcon_core.package_identification:_identify(docker/jetson_r364) by extension 'python_setup_py'
[0.259s] Level 1:colcon.colcon_core.package_identification:_identify(docker/ubuntu) by extensions ['ignore', 'ignore_ament_install']
[0.259s] Level 1:colcon.colcon_core.package_identification:_identify(docker/ubuntu) by extension 'ignore'
[0.259s] Level 1:colcon.colcon_core.package_identification:_identify(docker/ubuntu) by extension 'ignore_ament_install'
[0.259s] Level 1:colcon.colcon_core.package_identification:_identify(docker/ubuntu) by extensions ['colcon_pkg']
[0.259s] Level 1:colcon.colcon_core.package_identification:_identify(docker/ubuntu) by extension 'colcon_pkg'
[0.259s] Level 1:colcon.colcon_core.package_identification:_identify(docker/ubuntu) by extensions ['colcon_meta']
[0.259s] Level 1:colcon.colcon_core.package_identification:_identify(docker/ubuntu) by extension 'colcon_meta'
[0.259s] Level 1:colcon.colcon_core.package_identification:_identify(docker/ubuntu) by extensions ['ros']
[0.259s] Level 1:colcon.colcon_core.package_identification:_identify(docker/ubuntu) by extension 'ros'
[0.259s] Level 1:colcon.colcon_core.package_identification:_identify(docker/ubuntu) by extensions ['cmake', 'python']
[0.259s] Level 1:colcon.colcon_core.package_identification:_identify(docker/ubuntu) by extension 'cmake'
[0.259s] Level 1:colcon.colcon_core.package_identification:_identify(docker/ubuntu) by extension 'python'
[0.259s] Level 1:colcon.colcon_core.package_identification:_identify(docker/ubuntu) by extensions ['python_setup_py']
[0.259s] Level 1:colcon.colcon_core.package_identification:_identify(docker/ubuntu) by extension 'python_setup_py'
[0.259s] Level 1:colcon.colcon_core.package_identification:_identify(install) by extensions ['ignore', 'ignore_ament_install']
[0.259s] Level 1:colcon.colcon_core.package_identification:_identify(install) by extension 'ignore'
[0.259s] Level 1:colcon.colcon_core.package_identification:_identify(install) ignored
[0.260s] Level 1:colcon.colcon_core.package_identification:_identify(log) by extensions ['ignore', 'ignore_ament_install']
[0.260s] Level 1:colcon.colcon_core.package_identification:_identify(log) by extension 'ignore'
[0.260s] Level 1:colcon.colcon_core.package_identification:_identify(log) ignored
[0.260s] Level 1:colcon.colcon_core.package_identification:_identify(src) by extensions ['ignore', 'ignore_ament_install']
[0.260s] Level 1:colcon.colcon_core.package_identification:_identify(src) by extension 'ignore'
[0.260s] Level 1:colcon.colcon_core.package_identification:_identify(src) by extension 'ignore_ament_install'
[0.260s] Level 1:colcon.colcon_core.package_identification:_identify(src) by extensions ['colcon_pkg']
[0.260s] Level 1:colcon.colcon_core.package_identification:_identify(src) by extension 'colcon_pkg'
[0.260s] Level 1:colcon.colcon_core.package_identification:_identify(src) by extensions ['colcon_meta']
[0.260s] Level 1:colcon.colcon_core.package_identification:_identify(src) by extension 'colcon_meta'
[0.260s] Level 1:colcon.colcon_core.package_identification:_identify(src) by extensions ['ros']
[0.260s] Level 1:colcon.colcon_core.package_identification:_identify(src) by extension 'ros'
[0.260s] Level 1:colcon.colcon_core.package_identification:_identify(src) by extensions ['cmake', 'python']
[0.260s] Level 1:colcon.colcon_core.package_identification:_identify(src) by extension 'cmake'
[0.260s] Level 1:colcon.colcon_core.package_identification:_identify(src) by extension 'python'
[0.260s] Level 1:colcon.colcon_core.package_identification:_identify(src) by extensions ['python_setup_py']
[0.260s] Level 1:colcon.colcon_core.package_identification:_identify(src) by extension 'python_setup_py'
[0.260s] Level 1:colcon.colcon_core.package_identification:_identify(src/calculate) by extensions ['ignore', 'ignore_ament_install']
[0.260s] Level 1:colcon.colcon_core.package_identification:_identify(src/calculate) by extension 'ignore'
[0.260s] Level 1:colcon.colcon_core.package_identification:_identify(src/calculate) by extension 'ignore_ament_install'
[0.260s] Level 1:colcon.colcon_core.package_identification:_identify(src/calculate) by extensions ['colcon_pkg']
[0.260s] Level 1:colcon.colcon_core.package_identification:_identify(src/calculate) by extension 'colcon_pkg'
[0.260s] Level 1:colcon.colcon_core.package_identification:_identify(src/calculate) by extensions ['colcon_meta']
[0.260s] Level 1:colcon.colcon_core.package_identification:_identify(src/calculate) by extension 'colcon_meta'
[0.260s] Level 1:colcon.colcon_core.package_identification:_identify(src/calculate) by extensions ['ros']
[0.260s] Level 1:colcon.colcon_core.package_identification:_identify(src/calculate) by extension 'ros'
[0.263s] DEBUG:colcon.colcon_core.package_identification:Package 'src/calculate' with type 'ros.ament_python' and name 'calculate'
[0.264s] Level 1:colcon.colcon_core.package_identification:_identify(src/camera) by extensions ['ignore', 'ignore_ament_install']
[0.264s] Level 1:colcon.colcon_core.package_identification:_identify(src/camera) by extension 'ignore'
[0.264s] Level 1:colcon.colcon_core.package_identification:_identify(src/camera) by extension 'ignore_ament_install'
[0.264s] Level 1:colcon.colcon_core.package_identification:_identify(src/camera) by extensions ['colcon_pkg']
[0.264s] Level 1:colcon.colcon_core.package_identification:_identify(src/camera) by extension 'colcon_pkg'
[0.264s] Level 1:colcon.colcon_core.package_identification:_identify(src/camera) by extensions ['colcon_meta']
[0.264s] Level 1:colcon.colcon_core.package_identification:_identify(src/camera) by extension 'colcon_meta'
[0.264s] Level 1:colcon.colcon_core.package_identification:_identify(src/camera) by extensions ['ros']
[0.264s] Level 1:colcon.colcon_core.package_identification:_identify(src/camera) by extension 'ros'
[0.265s] DEBUG:colcon.colcon_core.package_identification:Package 'src/camera' with type 'ros.ament_python' and name 'camera'
[0.265s] Level 1:colcon.colcon_core.package_identification:_identify(src/gps) by extensions ['ignore', 'ignore_ament_install']
[0.265s] Level 1:colcon.colcon_core.package_identification:_identify(src/gps) by extension 'ignore'
[0.265s] Level 1:colcon.colcon_core.package_identification:_identify(src/gps) by extension 'ignore_ament_install'
[0.265s] Level 1:colcon.colcon_core.package_identification:_identify(src/gps) by extensions ['colcon_pkg']
[0.265s] Level 1:colcon.colcon_core.package_identification:_identify(src/gps) by extension 'colcon_pkg'
[0.265s] Level 1:colcon.colcon_core.package_identification:_identify(src/gps) by extensions ['colcon_meta']
[0.265s] Level 1:colcon.colcon_core.package_identification:_identify(src/gps) by extension 'colcon_meta'
[0.265s] Level 1:colcon.colcon_core.package_identification:_identify(src/gps) by extensions ['ros']
[0.265s] Level 1:colcon.colcon_core.package_identification:_identify(src/gps) by extension 'ros'
[0.266s] DEBUG:colcon.colcon_core.package_identification:Package 'src/gps' with type 'ros.ament_python' and name 'gps'
[0.266s] Level 1:colcon.colcon_core.package_identification:_identify(src/record) by extensions ['ignore', 'ignore_ament_install']
[0.266s] Level 1:colcon.colcon_core.package_identification:_identify(src/record) by extension 'ignore'
[0.266s] Level 1:colcon.colcon_core.package_identification:_identify(src/record) by extension 'ignore_ament_install'
[0.266s] Level 1:colcon.colcon_core.package_identification:_identify(src/record) by extensions ['colcon_pkg']
[0.266s] Level 1:colcon.colcon_core.package_identification:_identify(src/record) by extension 'colcon_pkg'
[0.266s] Level 1:colcon.colcon_core.package_identification:_identify(src/record) by extensions ['colcon_meta']
[0.266s] Level 1:colcon.colcon_core.package_identification:_identify(src/record) by extension 'colcon_meta'
[0.266s] Level 1:colcon.colcon_core.package_identification:_identify(src/record) by extensions ['ros']
[0.266s] Level 1:colcon.colcon_core.package_identification:_identify(src/record) by extension 'ros'
[0.267s] DEBUG:colcon.colcon_core.package_identification:Package 'src/record' with type 'ros.ament_python' and name 'record'
[0.267s] Level 1:colcon.colcon_core.package_identification:_identify(src/yolo) by extensions ['ignore', 'ignore_ament_install']
[0.267s] Level 1:colcon.colcon_core.package_identification:_identify(src/yolo) by extension 'ignore'
[0.267s] Level 1:colcon.colcon_core.package_identification:_identify(src/yolo) by extension 'ignore_ament_install'
[0.267s] Level 1:colcon.colcon_core.package_identification:_identify(src/yolo) by extensions ['colcon_pkg']
[0.267s] Level 1:colcon.colcon_core.package_identification:_identify(src/yolo) by extension 'colcon_pkg'
[0.267s] Level 1:colcon.colcon_core.package_identification:_identify(src/yolo) by extensions ['colcon_meta']
[0.267s] Level 1:colcon.colcon_core.package_identification:_identify(src/yolo) by extension 'colcon_meta'
[0.267s] Level 1:colcon.colcon_core.package_identification:_identify(src/yolo) by extensions ['ros']
[0.267s] Level 1:colcon.colcon_core.package_identification:_identify(src/yolo) by extension 'ros'
[0.267s] DEBUG:colcon.colcon_core.package_identification:Package 'src/yolo' with type 'ros.ament_python' and name 'yolo'
[0.267s] Level 1:colcon.colcon_core.package_discovery:discover_packages(recursive) using defaults
[0.267s] Level 1:colcon.colcon_core.package_discovery:discover_packages(ignore) discover
[0.267s] Level 1:colcon.colcon_core.package_discovery:discover_packages(ignore) using defaults
[0.267s] Level 1:colcon.colcon_core.package_discovery:discover_packages(path) discover
[0.267s] Level 1:colcon.colcon_core.package_discovery:discover_packages(path) using defaults
[0.288s] Level 1:colcon.colcon_core.package_discovery:discover_packages(prefix_path) check parameters
[0.288s] Level 1:colcon.colcon_core.package_discovery:discover_packages(prefix_path) discover
[0.289s] DEBUG:colcon.colcon_installed_package_information.package_discovery:Found 5 installed packages in /workspace/install
[0.290s] DEBUG:colcon.colcon_installed_package_information.package_discovery:Found 271 installed packages in /opt/ros/humble
[0.292s] Level 1:colcon.colcon_core.package_discovery:discover_packages(prefix_path) using defaults
[0.337s] Level 5:colcon.colcon_core.verb:set package 'calculate' build argument 'cmake_args' from command line to 'None'
[0.338s] Level 5:colcon.colcon_core.verb:set package 'calculate' build argument 'cmake_target' from command line to 'None'
[0.338s] Level 5:colcon.colcon_core.verb:set package 'calculate' build argument 'cmake_target_skip_unavailable' from command line to 'False'
[0.338s] Level 5:colcon.colcon_core.verb:set package 'calculate' build argument 'cmake_clean_cache' from command line to 'False'
[0.338s] Level 5:colcon.colcon_core.verb:set package 'calculate' build argument 'cmake_clean_first' from command line to 'False'
[0.338s] Level 5:colcon.colcon_core.verb:set package 'calculate' build argument 'cmake_force_configure' from command line to 'False'
[0.338s] Level 5:colcon.colcon_core.verb:set package 'calculate' build argument 'ament_cmake_args' from command line to 'None'
[0.338s] Level 5:colcon.colcon_core.verb:set package 'calculate' build argument 'catkin_cmake_args' from command line to 'None'
[0.338s] Level 5:colcon.colcon_core.verb:set package 'calculate' build argument 'catkin_skip_building_tests' from command line to 'False'
[0.338s] DEBUG:colcon.colcon_core.verb:Building package 'calculate' with the following arguments: {'ament_cmake_args': None, 'build_base': '/workspace/build/calculate', 'catkin_cmake_args': None, 'catkin_skip_building_tests': False, 'cmake_args': None, 'cmake_clean_cache': False, 'cmake_clean_first': False, 'cmake_force_configure': False, 'cmake_target': None, 'cmake_target_skip_unavailable': False, 'install_base': '/workspace/install/calculate', 'merge_install': False, 'path': '/workspace/src/calculate', 'symlink_install': False, 'test_result_base': None}
[0.338s] Level 5:colcon.colcon_core.verb:set package 'camera' build argument 'cmake_args' from command line to 'None'
[0.338s] Level 5:colcon.colcon_core.verb:set package 'camera' build argument 'cmake_target' from command line to 'None'
[0.338s] Level 5:colcon.colcon_core.verb:set package 'camera' build argument 'cmake_target_skip_unavailable' from command line to 'False'
[0.338s] Level 5:colcon.colcon_core.verb:set package 'camera' build argument 'cmake_clean_cache' from command line to 'False'
[0.338s] Level 5:colcon.colcon_core.verb:set package 'camera' build argument 'cmake_clean_first' from command line to 'False'
[0.338s] Level 5:colcon.colcon_core.verb:set package 'camera' build argument 'cmake_force_configure' from command line to 'False'
[0.338s] Level 5:colcon.colcon_core.verb:set package 'camera' build argument 'ament_cmake_args' from command line to 'None'
[0.338s] Level 5:colcon.colcon_core.verb:set package 'camera' build argument 'catkin_cmake_args' from command line to 'None'
[0.338s] Level 5:colcon.colcon_core.verb:set package 'camera' build argument 'catkin_skip_building_tests' from command line to 'False'
[0.338s] DEBUG:colcon.colcon_core.verb:Building package 'camera' with the following arguments: {'ament_cmake_args': None, 'build_base': '/workspace/build/camera', 'catkin_cmake_args': None, 'catkin_skip_building_tests': False, 'cmake_args': None, 'cmake_clean_cache': False, 'cmake_clean_first': False, 'cmake_force_configure': False, 'cmake_target': None, 'cmake_target_skip_unavailable': False, 'install_base': '/workspace/install/camera', 'merge_install': False, 'path': '/workspace/src/camera', 'symlink_install': False, 'test_result_base': None}
[0.339s] Level 5:colcon.colcon_core.verb:set package 'gps' build argument 'cmake_args' from command line to 'None'
[0.339s] Level 5:colcon.colcon_core.verb:set package 'gps' build argument 'cmake_target' from command line to 'None'
[0.339s] Level 5:colcon.colcon_core.verb:set package 'gps' build argument 'cmake_target_skip_unavailable' from command line to 'False'
[0.339s] Level 5:colcon.colcon_core.verb:set package 'gps' build argument 'cmake_clean_cache' from command line to 'False'
[0.339s] Level 5:colcon.colcon_core.verb:set package 'gps' build argument 'cmake_clean_first' from command line to 'False'
[0.339s] Level 5:colcon.colcon_core.verb:set package 'gps' build argument 'cmake_force_configure' from command line to 'False'
[0.339s] Level 5:colcon.colcon_core.verb:set package 'gps' build argument 'ament_cmake_args' from command line to 'None'
[0.339s] Level 5:colcon.colcon_core.verb:set package 'gps' build argument 'catkin_cmake_args' from command line to 'None'
[0.339s] Level 5:colcon.colcon_core.verb:set package 'gps' build argument 'catkin_skip_building_tests' from command line to 'False'
[0.339s] DEBUG:colcon.colcon_core.verb:Building package 'gps' with the following arguments: {'ament_cmake_args': None, 'build_base': '/workspace/build/gps', 'catkin_cmake_args': None, 'catkin_skip_building_tests': False, 'cmake_args': None, 'cmake_clean_cache': False, 'cmake_clean_first': False, 'cmake_force_configure': False, 'cmake_target': None, 'cmake_target_skip_unavailable': False, 'install_base': '/workspace/install/gps', 'merge_install': False, 'path': '/workspace/src/gps', 'symlink_install': False, 'test_result_base': None}
[0.339s] Level 5:colcon.colcon_core.verb:set package 'record' build argument 'cmake_args' from command line to 'None'
[0.340s] Level 5:colcon.colcon_core.verb:set package 'record' build argument 'cmake_target' from command line to 'None'
[0.340s] Level 5:colcon.colcon_core.verb:set package 'record' build argument 'cmake_target_skip_unavailable' from command line to 'False'
[0.340s] Level 5:colcon.colcon_core.verb:set package 'record' build argument 'cmake_clean_cache' from command line to 'False'
[0.340s] Level 5:colcon.colcon_core.verb:set package 'record' build argument 'cmake_clean_first' from command line to 'False'
[0.340s] Level 5:colcon.colcon_core.verb:set package 'record' build argument 'cmake_force_configure' from command line to 'False'
[0.340s] Level 5:colcon.colcon_core.verb:set package 'record' build argument 'ament_cmake_args' from command line to 'None'
[0.340s] Level 5:colcon.colcon_core.verb:set package 'record' build argument 'catkin_cmake_args' from command line to 'None'
[0.340s] Level 5:colcon.colcon_core.verb:set package 'record' build argument 'catkin_skip_building_tests' from command line to 'False'
[0.340s] DEBUG:colcon.colcon_core.verb:Building package 'record' with the following arguments: {'ament_cmake_args': None, 'build_base': '/workspace/build/record', 'catkin_cmake_args': None, 'catkin_skip_building_tests': False, 'cmake_args': None, 'cmake_clean_cache': False, 'cmake_clean_first': False, 'cmake_force_configure': False, 'cmake_target': None, 'cmake_target_skip_unavailable': False, 'install_base': '/workspace/install/record', 'merge_install': False, 'path': '/workspace/src/record', 'symlink_install': False, 'test_result_base': None}
[0.340s] Level 5:colcon.colcon_core.verb:set package 'yolo' build argument 'cmake_args' from command line to 'None'
[0.340s] Level 5:colcon.colcon_core.verb:set package 'yolo' build argument 'cmake_target' from command line to 'None'
[0.340s] Level 5:colcon.colcon_core.verb:set package 'yolo' build argument 'cmake_target_skip_unavailable' from command line to 'False'
[0.340s] Level 5:colcon.colcon_core.verb:set package 'yolo' build argument 'cmake_clean_cache' from command line to 'False'
[0.340s] Level 5:colcon.colcon_core.verb:set package 'yolo' build argument 'cmake_clean_first' from command line to 'False'
[0.340s] Level 5:colcon.colcon_core.verb:set package 'yolo' build argument 'cmake_force_configure' from command line to 'False'
[0.340s] Level 5:colcon.colcon_core.verb:set package 'yolo' build argument 'ament_cmake_args' from command line to 'None'
[0.340s] Level 5:colcon.colcon_core.verb:set package 'yolo' build argument 'catkin_cmake_args' from command line to 'None'
[0.340s] Level 5:colcon.colcon_core.verb:set package 'yolo' build argument 'catkin_skip_building_tests' from command line to 'False'
[0.340s] DEBUG:colcon.colcon_core.verb:Building package 'yolo' with the following arguments: {'ament_cmake_args': None, 'build_base': '/workspace/build/yolo', 'catkin_cmake_args': None, 'catkin_skip_building_tests': False, 'cmake_args': None, 'cmake_clean_cache': False, 'cmake_clean_first': False, 'cmake_force_configure': False, 'cmake_target': None, 'cmake_target_skip_unavailable': False, 'install_base': '/workspace/install/yolo', 'merge_install': False, 'path': '/workspace/src/yolo', 'symlink_install': False, 'test_result_base': None}
[0.341s] INFO:colcon.colcon_core.executor:Executing jobs using 'parallel' executor
[0.342s] DEBUG:colcon.colcon_parallel_executor.executor.parallel:run_until_complete
[0.342s] INFO:colcon.colcon_ros.task.ament_python.build:Building ROS package in '/workspace/src/calculate' with build type 'ament_python'
[0.342s] Level 1:colcon.colcon_core.shell:create_environment_hook('calculate', 'ament_prefix_path')
[0.344s] INFO:colcon.colcon_core.plugin_system:Skipping extension 'colcon_core.shell.bat': Not used on non-Windows systems
[0.345s] INFO:colcon.colcon_core.shell:Creating environment hook '/workspace/install/calculate/share/calculate/hook/ament_prefix_path.ps1'
[0.345s] INFO:colcon.colcon_core.shell:Creating environment descriptor '/workspace/install/calculate/share/calculate/hook/ament_prefix_path.dsv'
[0.346s] INFO:colcon.colcon_core.shell:Creating environment hook '/workspace/install/calculate/share/calculate/hook/ament_prefix_path.sh'
[0.347s] INFO:colcon.colcon_core.shell:Skip shell extension 'powershell' for command environment: Not usable outside of PowerShell
[0.347s] DEBUG:colcon.colcon_core.shell:Skip shell extension 'dsv' for command environment
[0.351s] INFO:colcon.colcon_ros.task.ament_python.build:Building ROS package in '/workspace/src/camera' with build type 'ament_python'
[0.351s] Level 1:colcon.colcon_core.shell:create_environment_hook('camera', 'ament_prefix_path')
[0.351s] INFO:colcon.colcon_core.shell:Creating environment hook '/workspace/install/camera/share/camera/hook/ament_prefix_path.ps1'
[0.352s] INFO:colcon.colcon_core.shell:Creating environment descriptor '/workspace/install/camera/share/camera/hook/ament_prefix_path.dsv'
[0.352s] INFO:colcon.colcon_core.shell:Creating environment hook '/workspace/install/camera/share/camera/hook/ament_prefix_path.sh'
[0.353s] INFO:colcon.colcon_core.shell:Skip shell extension 'powershell' for command environment: Not usable outside of PowerShell
[0.353s] DEBUG:colcon.colcon_core.shell:Skip shell extension 'dsv' for command environment
[0.356s] INFO:colcon.colcon_ros.task.ament_python.build:Building ROS package in '/workspace/src/gps' with build type 'ament_python'
[0.357s] Level 1:colcon.colcon_core.shell:create_environment_hook('gps', 'ament_prefix_path')
[0.357s] INFO:colcon.colcon_core.shell:Creating environment hook '/workspace/install/gps/share/gps/hook/ament_prefix_path.ps1'
[0.357s] INFO:colcon.colcon_core.shell:Creating environment descriptor '/workspace/install/gps/share/gps/hook/ament_prefix_path.dsv'
[0.358s] INFO:colcon.colcon_core.shell:Creating environment hook '/workspace/install/gps/share/gps/hook/ament_prefix_path.sh'
[0.358s] INFO:colcon.colcon_core.shell:Skip shell extension 'powershell' for command environment: Not usable outside of PowerShell
[0.358s] DEBUG:colcon.colcon_core.shell:Skip shell extension 'dsv' for command environment
[0.361s] INFO:colcon.colcon_ros.task.ament_python.build:Building ROS package in '/workspace/src/record' with build type 'ament_python'
[0.361s] Level 1:colcon.colcon_core.shell:create_environment_hook('record', 'ament_prefix_path')
[0.361s] INFO:colcon.colcon_core.shell:Creating environment hook '/workspace/install/record/share/record/hook/ament_prefix_path.ps1'
[0.361s] INFO:colcon.colcon_core.shell:Creating environment descriptor '/workspace/install/record/share/record/hook/ament_prefix_path.dsv'
[0.362s] INFO:colcon.colcon_core.shell:Creating environment hook '/workspace/install/record/share/record/hook/ament_prefix_path.sh'
[0.362s] INFO:colcon.colcon_core.shell:Skip shell extension 'powershell' for command environment: Not usable outside of PowerShell
[0.362s] DEBUG:colcon.colcon_core.shell:Skip shell extension 'dsv' for command environment
[0.365s] INFO:colcon.colcon_ros.task.ament_python.build:Building ROS package in '/workspace/src/yolo' with build type 'ament_python'
[0.365s] Level 1:colcon.colcon_core.shell:create_environment_hook('yolo', 'ament_prefix_path')
[0.366s] INFO:colcon.colcon_core.shell:Creating environment hook '/workspace/install/yolo/share/yolo/hook/ament_prefix_path.ps1'
[0.366s] INFO:colcon.colcon_core.shell:Creating environment descriptor '/workspace/install/yolo/share/yolo/hook/ament_prefix_path.dsv'
[0.367s] INFO:colcon.colcon_core.shell:Creating environment hook '/workspace/install/yolo/share/yolo/hook/ament_prefix_path.sh'
[0.368s] INFO:colcon.colcon_core.shell:Skip shell extension 'powershell' for command environment: Not usable outside of PowerShell
[0.368s] DEBUG:colcon.colcon_core.shell:Skip shell extension 'dsv' for command environment
[0.605s] INFO:colcon.colcon_core.task.python.build:Building Python package in '/workspace/src/calculate'
[0.605s] INFO:colcon.colcon_core.shell:Skip shell extension 'powershell' for command environment: Not usable outside of PowerShell
[0.605s] DEBUG:colcon.colcon_core.shell:Skip shell extension 'dsv' for command environment
[0.852s] INFO:colcon.colcon_core.task.python.build:Building Python package in '/workspace/src/camera'
[0.853s] INFO:colcon.colcon_core.shell:Skip shell extension 'powershell' for command environment: Not usable outside of PowerShell
[0.853s] DEBUG:colcon.colcon_core.shell:Skip shell extension 'dsv' for command environment
[1.086s] INFO:colcon.colcon_core.task.python.build:Building Python package in '/workspace/src/gps'
[1.086s] INFO:colcon.colcon_core.shell:Skip shell extension 'powershell' for command environment: Not usable outside of PowerShell
[1.086s] DEBUG:colcon.colcon_core.shell:Skip shell extension 'dsv' for command environment
[1.335s] INFO:colcon.colcon_core.task.python.build:Building Python package in '/workspace/src/record'
[1.335s] INFO:colcon.colcon_core.shell:Skip shell extension 'powershell' for command environment: Not usable outside of PowerShell
[1.335s] DEBUG:colcon.colcon_core.shell:Skip shell extension 'dsv' for command environment
[1.570s] INFO:colcon.colcon_core.task.python.build:Building Python package in '/workspace/src/yolo'
[1.571s] INFO:colcon.colcon_core.shell:Skip shell extension 'powershell' for command environment: Not usable outside of PowerShell
[1.571s] DEBUG:colcon.colcon_core.shell:Skip shell extension 'dsv' for command environment
[2.038s] DEBUG:colcon.colcon_core.event_handler.log_command:Invoking command in '/workspace/src/record': PYTHONPATH=/workspace/build/record/prefix_override:/usr/lib/python3/dist-packages/colcon_core/task/python/colcon_distutils_commands:/workspace/install/record/lib/python3.10/site-packages:${PYTHONPATH} /usr/bin/python3 -W ignore:setup.py install is deprecated -W ignore:easy_install command is deprecated setup.py egg_info --egg-base ../../build/record build --build-base /workspace/build/record/build install --record /workspace/build/record/install.log --single-version-externally-managed install_data
[2.051s] DEBUG:colcon.colcon_core.event_handler.log_command:Invoking command in '/workspace/src/yolo': PYTHONPATH=/workspace/build/yolo/prefix_override:/usr/lib/python3/dist-packages/colcon_core/task/python/colcon_distutils_commands:/workspace/install/yolo/lib/python3.10/site-packages:${PYTHONPATH} /usr/bin/python3 -W ignore:setup.py install is deprecated -W ignore:easy_install command is deprecated setup.py egg_info --egg-base ../../build/yolo build --build-base /workspace/build/yolo/build install --record /workspace/build/yolo/install.log --single-version-externally-managed install_data
[2.059s] DEBUG:colcon.colcon_core.event_handler.log_command:Invoking command in '/workspace/src/camera': PYTHONPATH=/workspace/build/camera/prefix_override:/usr/lib/python3/dist-packages/colcon_core/task/python/colcon_distutils_commands:/workspace/install/camera/lib/python3.10/site-packages:${PYTHONPATH} /usr/bin/python3 -W ignore:setup.py install is deprecated -W ignore:easy_install command is deprecated setup.py egg_info --egg-base ../../build/camera build --build-base /workspace/build/camera/build install --record /workspace/build/camera/install.log --single-version-externally-managed install_data
[2.065s] DEBUG:colcon.colcon_core.event_handler.log_command:Invoking command in '/workspace/src/calculate': PYTHONPATH=/workspace/build/calculate/prefix_override:/usr/lib/python3/dist-packages/colcon_core/task/python/colcon_distutils_commands:/workspace/install/calculate/lib/python3.10/site-packages:${PYTHONPATH} /usr/bin/python3 -W ignore:setup.py install is deprecated -W ignore:easy_install command is deprecated setup.py egg_info --egg-base ../../build/calculate build --build-base /workspace/build/calculate/build install --record /workspace/build/calculate/install.log --single-version-externally-managed install_data
[2.075s] DEBUG:colcon.colcon_core.event_handler.log_command:Invoking command in '/workspace/src/gps': PYTHONPATH=/workspace/build/gps/prefix_override:/usr/lib/python3/dist-packages/colcon_core/task/python/colcon_distutils_commands:/workspace/install/gps/lib/python3.10/site-packages:${PYTHONPATH} /usr/bin/python3 -W ignore:setup.py install is deprecated -W ignore:easy_install command is deprecated setup.py egg_info --egg-base ../../build/gps build --build-base /workspace/build/gps/build install --record /workspace/build/gps/install.log --single-version-externally-managed install_data
[2.459s] DEBUG:colcon.colcon_core.event_handler.log_command:Invoked command in '/workspace/src/yolo' returned '0': PYTHONPATH=/workspace/build/yolo/prefix_override:/usr/lib/python3/dist-packages/colcon_core/task/python/colcon_distutils_commands:/workspace/install/yolo/lib/python3.10/site-packages:${PYTHONPATH} /usr/bin/python3 -W ignore:setup.py install is deprecated -W ignore:easy_install command is deprecated setup.py egg_info --egg-base ../../build/yolo build --build-base /workspace/build/yolo/build install --record /workspace/build/yolo/install.log --single-version-externally-managed install_data
[2.466s] Level 1:colcon.colcon_core.environment:checking '/workspace/install/yolo' for CMake module files
[2.467s] Level 1:colcon.colcon_core.environment:checking '/workspace/install/yolo' for CMake config files
[2.469s] Level 1:colcon.colcon_core.environment:checking '/workspace/install/yolo/lib'
[2.469s] Level 1:colcon.colcon_core.environment:checking '/workspace/install/yolo/bin'
[2.469s] Level 1:colcon.colcon_core.environment:checking '/workspace/install/yolo/lib/pkgconfig/yolo.pc'
[2.470s] Level 1:colcon.colcon_core.environment:checking '/workspace/install/yolo/lib/python3.10/site-packages'
[2.470s] Level 1:colcon.colcon_core.shell:create_environment_hook('yolo', 'pythonpath')
[2.471s] INFO:colcon.colcon_core.shell:Creating environment hook '/workspace/install/yolo/share/yolo/hook/pythonpath.ps1'
[2.473s] INFO:colcon.colcon_core.shell:Creating environment descriptor '/workspace/install/yolo/share/yolo/hook/pythonpath.dsv'
[2.474s] INFO:colcon.colcon_core.shell:Creating environment hook '/workspace/install/yolo/share/yolo/hook/pythonpath.sh'
[2.476s] Level 1:colcon.colcon_core.environment:checking '/workspace/install/yolo/bin'
[2.476s] Level 1:colcon.colcon_core.environment:create_environment_scripts_only(yolo)
[2.477s] INFO:colcon.colcon_core.shell:Creating package script '/workspace/install/yolo/share/yolo/package.ps1'
[2.479s] INFO:colcon.colcon_core.shell:Creating package descriptor '/workspace/install/yolo/share/yolo/package.dsv'
[2.480s] INFO:colcon.colcon_core.shell:Creating package script '/workspace/install/yolo/share/yolo/package.sh'
[2.481s] INFO:colcon.colcon_core.shell:Creating package script '/workspace/install/yolo/share/yolo/package.bash'
[2.482s] INFO:colcon.colcon_core.shell:Creating package script '/workspace/install/yolo/share/yolo/package.zsh'
[2.483s] Level 1:colcon.colcon_core.environment:create_file_with_runtime_dependencies(/workspace/install/yolo/share/colcon-core/packages/yolo)
[2.485s] Level 1:colcon.colcon_core.environment:checking '/workspace/install/record' for CMake module files
[2.486s] DEBUG:colcon.colcon_core.event_handler.log_command:Invoked command in '/workspace/src/record' returned '0': PYTHONPATH=/workspace/build/record/prefix_override:/usr/lib/python3/dist-packages/colcon_core/task/python/colcon_distutils_commands:/workspace/install/record/lib/python3.10/site-packages:${PYTHONPATH} /usr/bin/python3 -W ignore:setup.py install is deprecated -W ignore:easy_install command is deprecated setup.py egg_info --egg-base ../../build/record build --build-base /workspace/build/record/build install --record /workspace/build/record/install.log --single-version-externally-managed install_data
[2.487s] Level 1:colcon.colcon_core.environment:checking '/workspace/install/record' for CMake config files
[2.487s] Level 1:colcon.colcon_core.environment:checking '/workspace/install/record/lib'
[2.487s] Level 1:colcon.colcon_core.environment:checking '/workspace/install/record/bin'
[2.487s] Level 1:colcon.colcon_core.environment:checking '/workspace/install/record/lib/pkgconfig/record.pc'
[2.488s] Level 1:colcon.colcon_core.environment:checking '/workspace/install/record/lib/python3.10/site-packages'
[2.488s] Level 1:colcon.colcon_core.shell:create_environment_hook('record', 'pythonpath')
[2.488s] INFO:colcon.colcon_core.shell:Creating environment hook '/workspace/install/record/share/record/hook/pythonpath.ps1'
[2.489s] INFO:colcon.colcon_core.shell:Creating environment descriptor '/workspace/install/record/share/record/hook/pythonpath.dsv'
[2.490s] INFO:colcon.colcon_core.shell:Creating environment hook '/workspace/install/record/share/record/hook/pythonpath.sh'
[2.491s] Level 1:colcon.colcon_core.environment:checking '/workspace/install/record/bin'
[2.491s] Level 1:colcon.colcon_core.environment:create_environment_scripts_only(record)
[2.491s] INFO:colcon.colcon_core.shell:Creating package script '/workspace/install/record/share/record/package.ps1'
[2.492s] INFO:colcon.colcon_core.shell:Creating package descriptor '/workspace/install/record/share/record/package.dsv'
[2.492s] INFO:colcon.colcon_core.shell:Creating package script '/workspace/install/record/share/record/package.sh'
[2.493s] INFO:colcon.colcon_core.shell:Creating package script '/workspace/install/record/share/record/package.bash'
[2.493s] INFO:colcon.colcon_core.shell:Creating package script '/workspace/install/record/share/record/package.zsh'
[2.494s] Level 1:colcon.colcon_core.environment:create_file_with_runtime_dependencies(/workspace/install/record/share/colcon-core/packages/record)
[2.496s] Level 1:colcon.colcon_core.environment:checking '/workspace/install/calculate' for CMake module files
[2.497s] DEBUG:colcon.colcon_core.event_handler.log_command:Invoked command in '/workspace/src/calculate' returned '0': PYTHONPATH=/workspace/build/calculate/prefix_override:/usr/lib/python3/dist-packages/colcon_core/task/python/colcon_distutils_commands:/workspace/install/calculate/lib/python3.10/site-packages:${PYTHONPATH} /usr/bin/python3 -W ignore:setup.py install is deprecated -W ignore:easy_install command is deprecated setup.py egg_info --egg-base ../../build/calculate build --build-base /workspace/build/calculate/build install --record /workspace/build/calculate/install.log --single-version-externally-managed install_data
[2.497s] Level 1:colcon.colcon_core.environment:checking '/workspace/install/calculate' for CMake config files
[2.498s] Level 1:colcon.colcon_core.environment:checking '/workspace/install/calculate/lib'
[2.498s] Level 1:colcon.colcon_core.environment:checking '/workspace/install/calculate/bin'
[2.499s] Level 1:colcon.colcon_core.environment:checking '/workspace/install/calculate/lib/pkgconfig/calculate.pc'
[2.499s] Level 1:colcon.colcon_core.environment:checking '/workspace/install/calculate/lib/python3.10/site-packages'
[2.499s] Level 1:colcon.colcon_core.shell:create_environment_hook('calculate', 'pythonpath')
[2.500s] INFO:colcon.colcon_core.shell:Creating environment hook '/workspace/install/calculate/share/calculate/hook/pythonpath.ps1'
[2.501s] INFO:colcon.colcon_core.shell:Creating environment descriptor '/workspace/install/calculate/share/calculate/hook/pythonpath.dsv'
[2.502s] INFO:colcon.colcon_core.shell:Creating environment hook '/workspace/install/calculate/share/calculate/hook/pythonpath.sh'
[2.503s] Level 1:colcon.colcon_core.environment:checking '/workspace/install/calculate/bin'
[2.503s] Level 1:colcon.colcon_core.environment:create_environment_scripts_only(calculate)
[2.503s] INFO:colcon.colcon_core.shell:Creating package script '/workspace/install/calculate/share/calculate/package.ps1'
[2.504s] INFO:colcon.colcon_core.shell:Creating package descriptor '/workspace/install/calculate/share/calculate/package.dsv'
[2.504s] INFO:colcon.colcon_core.shell:Creating package script '/workspace/install/calculate/share/calculate/package.sh'
[2.504s] INFO:colcon.colcon_core.shell:Creating package script '/workspace/install/calculate/share/calculate/package.bash'
[2.505s] INFO:colcon.colcon_core.shell:Creating package script '/workspace/install/calculate/share/calculate/package.zsh'
[2.505s] Level 1:colcon.colcon_core.environment:create_file_with_runtime_dependencies(/workspace/install/calculate/share/colcon-core/packages/calculate)
[2.507s] Level 1:colcon.colcon_core.environment:checking '/workspace/install/camera' for CMake module files
[2.508s] DEBUG:colcon.colcon_core.event_handler.log_command:Invoked command in '/workspace/src/camera' returned '0': PYTHONPATH=/workspace/build/camera/prefix_override:/usr/lib/python3/dist-packages/colcon_core/task/python/colcon_distutils_commands:/workspace/install/camera/lib/python3.10/site-packages:${PYTHONPATH} /usr/bin/python3 -W ignore:setup.py install is deprecated -W ignore:easy_install command is deprecated setup.py egg_info --egg-base ../../build/camera build --build-base /workspace/build/camera/build install --record /workspace/build/camera/install.log --single-version-externally-managed install_data
[2.508s] Level 1:colcon.colcon_core.environment:checking '/workspace/install/camera' for CMake config files
[2.509s] Level 1:colcon.colcon_core.environment:checking '/workspace/install/camera/lib'
[2.509s] Level 1:colcon.colcon_core.environment:checking '/workspace/install/camera/bin'
[2.509s] Level 1:colcon.colcon_core.environment:checking '/workspace/install/camera/lib/pkgconfig/camera.pc'
[2.509s] Level 1:colcon.colcon_core.environment:checking '/workspace/install/camera/lib/python3.10/site-packages'
[2.509s] Level 1:colcon.colcon_core.shell:create_environment_hook('camera', 'pythonpath')
[2.509s] INFO:colcon.colcon_core.shell:Creating environment hook '/workspace/install/camera/share/camera/hook/pythonpath.ps1'
[2.510s] INFO:colcon.colcon_core.shell:Creating environment descriptor '/workspace/install/camera/share/camera/hook/pythonpath.dsv'
[2.510s] INFO:colcon.colcon_core.shell:Creating environment hook '/workspace/install/camera/share/camera/hook/pythonpath.sh'
[2.511s] Level 1:colcon.colcon_core.environment:checking '/workspace/install/camera/bin'
[2.511s] Level 1:colcon.colcon_core.environment:create_environment_scripts_only(camera)
[2.511s] INFO:colcon.colcon_core.shell:Creating package script '/workspace/install/camera/share/camera/package.ps1'
[2.512s] INFO:colcon.colcon_core.shell:Creating package descriptor '/workspace/install/camera/share/camera/package.dsv'
[2.513s] INFO:colcon.colcon_core.shell:Creating package script '/workspace/install/camera/share/camera/package.sh'
[2.513s] INFO:colcon.colcon_core.shell:Creating package script '/workspace/install/camera/share/camera/package.bash'
[2.514s] INFO:colcon.colcon_core.shell:Creating package script '/workspace/install/camera/share/camera/package.zsh'
[2.514s] Level 1:colcon.colcon_core.environment:create_file_with_runtime_dependencies(/workspace/install/camera/share/colcon-core/packages/camera)
[2.515s] Level 1:colcon.colcon_core.environment:checking '/workspace/install/gps' for CMake module files
[2.516s] Level 1:colcon.colcon_core.environment:checking '/workspace/install/gps' for CMake config files
[2.517s] DEBUG:colcon.colcon_core.event_handler.log_command:Invoked command in '/workspace/src/gps' returned '0': PYTHONPATH=/workspace/build/gps/prefix_override:/usr/lib/python3/dist-packages/colcon_core/task/python/colcon_distutils_commands:/workspace/install/gps/lib/python3.10/site-packages:${PYTHONPATH} /usr/bin/python3 -W ignore:setup.py install is deprecated -W ignore:easy_install command is deprecated setup.py egg_info --egg-base ../../build/gps build --build-base /workspace/build/gps/build install --record /workspace/build/gps/install.log --single-version-externally-managed install_data
[2.517s] Level 1:colcon.colcon_core.environment:checking '/workspace/install/gps/lib'
[2.517s] Level 1:colcon.colcon_core.environment:checking '/workspace/install/gps/bin'
[2.517s] Level 1:colcon.colcon_core.environment:checking '/workspace/install/gps/lib/pkgconfig/gps.pc'
[2.518s] Level 1:colcon.colcon_core.environment:checking '/workspace/install/gps/lib/python3.10/site-packages'
[2.518s] Level 1:colcon.colcon_core.shell:create_environment_hook('gps', 'pythonpath')
[2.518s] INFO:colcon.colcon_core.shell:Creating environment hook '/workspace/install/gps/share/gps/hook/pythonpath.ps1'
[2.519s] INFO:colcon.colcon_core.shell:Creating environment descriptor '/workspace/install/gps/share/gps/hook/pythonpath.dsv'
[2.519s] INFO:colcon.colcon_core.shell:Creating environment hook '/workspace/install/gps/share/gps/hook/pythonpath.sh'
[2.520s] Level 1:colcon.colcon_core.environment:checking '/workspace/install/gps/bin'
[2.520s] Level 1:colcon.colcon_core.environment:create_environment_scripts_only(gps)
[2.521s] INFO:colcon.colcon_core.shell:Creating package script '/workspace/install/gps/share/gps/package.ps1'
[2.523s] INFO:colcon.colcon_core.shell:Creating package descriptor '/workspace/install/gps/share/gps/package.dsv'
[2.524s] INFO:colcon.colcon_core.shell:Creating package script '/workspace/install/gps/share/gps/package.sh'
[2.525s] INFO:colcon.colcon_core.shell:Creating package script '/workspace/install/gps/share/gps/package.bash'
[2.525s] INFO:colcon.colcon_core.shell:Creating package script '/workspace/install/gps/share/gps/package.zsh'
[2.526s] Level 1:colcon.colcon_core.environment:create_file_with_runtime_dependencies(/workspace/install/gps/share/colcon-core/packages/gps)
[2.526s] DEBUG:colcon.colcon_parallel_executor.executor.parallel:closing loop
[2.526s] DEBUG:colcon.colcon_parallel_executor.executor.parallel:loop closed
[2.527s] DEBUG:colcon.colcon_parallel_executor.executor.parallel:run_until_complete finished with '0'
[2.527s] DEBUG:colcon.colcon_core.event_reactor:joining thread
[2.539s] INFO:colcon.colcon_core.plugin_system:Skipping extension 'colcon_notification.desktop_notification.notify_send': Could not find 'notify-send'
[2.540s] INFO:colcon.colcon_core.plugin_system:Skipping extension 'colcon_notification.desktop_notification.terminal_notifier': Not used on non-Darwin systems
[2.540s] INFO:colcon.colcon_core.plugin_system:Skipping extension 'colcon_notification.desktop_notification.win32': Not used on non-Windows systems
[2.540s] INFO:colcon.colcon_notification.desktop_notification:Sending desktop notification using 'notify2'
[2.544s] DEBUG:colcon.colcon_notification.desktop_notification.notify2:Failed to initialize notify2: org.freedesktop.DBus.Error.Spawn.ExecFailed: /usr/bin/dbus-launch terminated abnormally without any error message
[2.544s] DEBUG:colcon.colcon_core.event_reactor:joined thread
[2.545s] INFO:colcon.colcon_core.shell:Creating prefix script '/workspace/install/local_setup.ps1'
[2.546s] INFO:colcon.colcon_core.shell:Creating prefix util module '/workspace/install/_local_setup_util_ps1.py'
[2.548s] INFO:colcon.colcon_core.shell:Creating prefix chain script '/workspace/install/setup.ps1'
[2.549s] INFO:colcon.colcon_core.shell:Creating prefix script '/workspace/install/local_setup.sh'
[2.550s] INFO:colcon.colcon_core.shell:Creating prefix util module '/workspace/install/_local_setup_util_sh.py'
[2.550s] INFO:colcon.colcon_core.shell:Creating prefix chain script '/workspace/install/setup.sh'
[2.551s] INFO:colcon.colcon_core.shell:Creating prefix script '/workspace/install/local_setup.bash'
[2.552s] INFO:colcon.colcon_core.shell:Creating prefix chain script '/workspace/install/setup.bash'
[2.552s] INFO:colcon.colcon_core.shell:Creating prefix script '/workspace/install/local_setup.zsh'
[2.553s] INFO:colcon.colcon_core.shell:Creating prefix chain script '/workspace/install/setup.zsh'
